{"name": "Успешное закрытие модального окна с деталями.", "status": "broken", "statusDetails": {"message": "selenium.common.exceptions.TimeoutException: Message: \nStacktrace:\n0   chromedriver                        0x0000000101413ac4 cxxbridge1$str$ptr + 3651580\n1   chromedriver                        0x000000010140c314 cxxbridge1$str$ptr + 3620940\n2   chromedriver                        0x0000000100e744b4 cxxbridge1$string$len + 89224\n3   chromedriver                        0x0000000100eb8898 cxxbridge1$string$len + 368748\n4   chromedriver                        0x0000000100ef20fc cxxbridge1$string$len + 604368\n5   chromedriver                        0x0000000100ead0b0 cxxbridge1$string$len + 321668\n6   chromedriver                        0x0000000100eadd00 cxxbridge1$string$len + 324820\n7   chromedriver                        0x00000001013dee08 cxxbridge1$str$ptr + 3435328\n8   chromedriver                        0x00000001013e2120 cxxbridge1$str$ptr + 3448408\n9   chromedriver                        0x00000001013c617c cxxbridge1$str$ptr + 3333812\n10  chromedriver                        0x00000001013e29e0 cxxbridge1$str$ptr + 3450648\n11  chromedriver                        0x00000001013b7988 cxxbridge1$str$ptr + 3274432\n12  chromedriver                        0x00000001013fd0f4 cxxbridge1$str$ptr + 3558956\n13  chromedriver                        0x00000001013fd270 cxxbridge1$str$ptr + 3559336\n14  chromedriver                        0x000000010140bf88 cxxbridge1$str$ptr + 3620032\n15  libsystem_pthread.dylib             0x00000001818f7fa8 _pthread_start + 148\n16  libsystem_pthread.dylib             0x00000001818f2da0 thread_start + 8", "trace": "self = <tests.test_main_page.TestMainPage object at 0x106335ed0>, driver = <selenium.webdriver.chrome.webdriver.WebDriver (session=\"274e64dfa05370a24e66fc7e82a6a1d2\")>\n\n    @allure.title(\"Успешное закрытие модального окна с деталями.\")\n    def test_close_modal_window_with_details(self, driver):\n        driver.get(Data.URL_BASE)\n        main_page = MainPage(driver)\n        main_page.open_modal_window_details()\n>       assert main_page.close_modal_window_details() == main_page.find_element_close_modal_window_details()\n\ntests/test_main_page.py:39: \n_ _ _ _ _ _ _ _ _ _ _ _ _ _ _ _ _ _ _ _ _ _ _ _ _ _ _ _ _ _ _ _ _ _ _ _ _ _ _ _ _ _ _ _ _ _ _ _ _ _ _ _ _ _ _ _ _ _ _ _ _ _ _ _ _ _ _ _ _ _ _ _ _ _ _ _ _ _ _ _ _ _ _ _ _ _ _ _ _ _ _ _ _ _ _ _ _ _ _ _ _ _ _ _ _ _ _ _ _ _ _ _ _\npages/main_page.py:23: in close_modal_window_details\n    self.move_to_element_and_click(MainPageLocators.BUTTON_CLOSE_MODAL_WINDOW_DETAILS)\npages/base_page.py:24: in move_to_element_and_click\n    WebDriverWait(self.driver, 5).until(\n_ _ _ _ _ _ _ _ _ _ _ _ _ _ _ _ _ _ _ _ _ _ _ _ _ _ _ _ _ _ _ _ _ _ _ _ _ _ _ _ _ _ _ _ _ _ _ _ _ _ _ _ _ _ _ _ _ _ _ _ _ _ _ _ _ _ _ _ _ _ _ _ _ _ _ _ _ _ _ _ _ _ _ _ _ _ _ _ _ _ _ _ _ _ _ _ _ _ _ _ _ _ _ _ _ _ _ _ _ _ _ _ _\n\nself = <selenium.webdriver.support.wait.WebDriverWait (session=\"274e64dfa05370a24e66fc7e82a6a1d2\")>, method = <function element_to_be_clickable.<locals>._predicate at 0x105e90af0>, message = ''\n\n    def until(self, method: Callable[[D], Union[Literal[False], T]], message: str = \"\") -> T:\n        \"\"\"Calls the method provided with the driver as an argument until the \\\n        return value does not evaluate to ``False``.\n    \n        :param method: callable(WebDriver)\n        :param message: optional message for :exc:`TimeoutException`\n        :returns: the result of the last call to `method`\n        :raises: :exc:`selenium.common.exceptions.TimeoutException` if timeout occurs\n        \"\"\"\n        screen = None\n        stacktrace = None\n    \n        end_time = time.monotonic() + self._timeout\n        while True:\n            try:\n                value = method(self._driver)\n                if value:\n                    return value\n            except self._ignored_exceptions as exc:\n                screen = getattr(exc, \"screen\", None)\n                stacktrace = getattr(exc, \"stacktrace\", None)\n            if time.monotonic() > end_time:\n                break\n            time.sleep(self._poll)\n>       raise TimeoutException(message, screen, stacktrace)\nE       selenium.common.exceptions.TimeoutException: Message: \nE       Stacktrace:\nE       0   chromedriver                        0x0000000101413ac4 cxxbridge1$str$ptr + 3651580\nE       1   chromedriver                        0x000000010140c314 cxxbridge1$str$ptr + 3620940\nE       2   chromedriver                        0x0000000100e744b4 cxxbridge1$string$len + 89224\nE       3   chromedriver                        0x0000000100eb8898 cxxbridge1$string$len + 368748\nE       4   chromedriver                        0x0000000100ef20fc cxxbridge1$string$len + 604368\nE       5   chromedriver                        0x0000000100ead0b0 cxxbridge1$string$len + 321668\nE       6   chromedriver                        0x0000000100eadd00 cxxbridge1$string$len + 324820\nE       7   chromedriver                        0x00000001013dee08 cxxbridge1$str$ptr + 3435328\nE       8   chromedriver                        0x00000001013e2120 cxxbridge1$str$ptr + 3448408\nE       9   chromedriver                        0x00000001013c617c cxxbridge1$str$ptr + 3333812\nE       10  chromedriver                        0x00000001013e29e0 cxxbridge1$str$ptr + 3450648\nE       11  chromedriver                        0x00000001013b7988 cxxbridge1$str$ptr + 3274432\nE       12  chromedriver                        0x00000001013fd0f4 cxxbridge1$str$ptr + 3558956\nE       13  chromedriver                        0x00000001013fd270 cxxbridge1$str$ptr + 3559336\nE       14  chromedriver                        0x000000010140bf88 cxxbridge1$str$ptr + 3620032\nE       15  libsystem_pthread.dylib             0x00000001818f7fa8 _pthread_start + 148\nE       16  libsystem_pthread.dylib             0x00000001818f2da0 thread_start + 8\n\n../Diplom_2/.venvAPI/lib/python3.10/site-packages/selenium/webdriver/support/wait.py:105: TimeoutException"}, "steps": [{"name": "Открытие окна 'Детали ингредиента'", "status": "passed", "start": 1732834585736, "stop": 1732834588166}, {"name": "Закрытие окна 'Детали ингредиента'", "status": "broken", "statusDetails": {"message": "selenium.common.exceptions.TimeoutException: Message: \nStacktrace:\n0   chromedriver                        0x0000000101413ac4 cxxbridge1$str$ptr + 3651580\n1   chromedriver                        0x000000010140c314 cxxbridge1$str$ptr + 3620940\n2   chromedriver                        0x0000000100e744b4 cxxbridge1$string$len + 89224\n3   chromedriver                        0x0000000100eb8898 cxxbridge1$string$len + 368748\n4   chromedriver                        0x0000000100ef20fc cxxbridge1$string$len + 604368\n5   chromedriver                        0x0000000100ead0b0 cxxbridge1$string$len + 321668\n6   chromedriver                        0x0000000100eadd00 cxxbridge1$string$len + 324820\n7   chromedriver                        0x00000001013dee08 cxxbridge1$str$ptr + 3435328\n8   chromedriver                        0x00000001013e2120 cxxbridge1$str$ptr + 3448408\n9   chromedriver                        0x00000001013c617c cxxbridge1$str$ptr + 3333812\n10  chromedriver                        0x00000001013e29e0 cxxbridge1$str$ptr + 3450648\n11  chromedriver                        0x00000001013b7988 cxxbridge1$str$ptr + 3274432\n12  chromedriver                        0x00000001013fd0f4 cxxbridge1$str$ptr + 3558956\n13  chromedriver                        0x00000001013fd270 cxxbridge1$str$ptr + 3559336\n14  chromedriver                        0x000000010140bf88 cxxbridge1$str$ptr + 3620032\n15  libsystem_pthread.dylib             0x00000001818f7fa8 _pthread_start + 148\n16  libsystem_pthread.dylib             0x00000001818f2da0 thread_start + 8\n\n", "trace": "  File \"/Users/user/Desktop/Diplom/Diplom_2/.venvAPI/lib/python3.10/site-packages/allure_commons/_allure.py\", line 192, in impl\n    return func(*a, **kw)\n  File \"/Users/user/Desktop/Diplom/Diplom_3/pages/main_page.py\", line 23, in close_modal_window_details\n    self.move_to_element_and_click(MainPageLocators.BUTTON_CLOSE_MODAL_WINDOW_DETAILS)\n  File \"/Users/user/Desktop/Diplom/Diplom_3/pages/base_page.py\", line 24, in move_to_element_and_click\n    WebDriverWait(self.driver, 5).until(\n  File \"/Users/user/Desktop/Diplom/Diplom_2/.venvAPI/lib/python3.10/site-packages/selenium/webdriver/support/wait.py\", line 105, in until\n    raise TimeoutException(message, screen, stacktrace)\n"}, "start": 1732834588166, "stop": 1732834593307}], "parameters": [{"name": "driver", "value": "'chrome'"}], "start": 1732834585118, "stop": 1732834593311, "uuid": "db0d5900-2f7e-4a63-80a4-35e032c160ad", "historyId": "55dc2b5d3dd9c2c959a2ea2da4ceeef9", "testCaseId": "1540f6ae9092d3ba47e81a0e14a1bad5", "fullName": "tests.test_main_page.TestMainPage#test_close_modal_window_with_details", "labels": [{"name": "parentSuite", "value": "tests"}, {"name": "suite", "value": "test_main_page"}, {"name": "subSuite", "value": "TestMainPage"}, {"name": "host", "value": "itmsk102502.local"}, {"name": "thread", "value": "13226-MainThread"}, {"name": "framework", "value": "pytest"}, {"name": "language", "value": "cpython3"}, {"name": "package", "value": "tests.test_main_page"}]}