{"name": "Успешный переход в раздел «История заказов».", "status": "broken", "statusDetails": {"message": "selenium.common.exceptions.TimeoutException: Message: \nStacktrace:\nRemoteError@chrome://remote/content/shared/RemoteError.sys.mjs:8:8\nWebDriverError@chrome://remote/content/shared/webdriver/Errors.sys.mjs:193:5\nNoSuchElementError@chrome://remote/content/shared/webdriver/Errors.sys.mjs:511:5\ndom.find/</<@chrome://remote/content/shared/DOM.sys.mjs:136:16", "trace": "self = <tests.test_personal_account.TestPersonalAccount object at 0x104e85ed0>, driver = <selenium.webdriver.firefox.webdriver.WebDriver (session=\"bf778500-3517-4029-b737-ed7a99fae75d\")>\ncreate_user = {'email': 'эмильлобанов14284@yandex.ru', 'name': 'осип', 'password': 'iQqI3cNxAV'}\n\n    @allure.title(\"Успешный переход в раздел «История заказов».\")\n    def test_go_to_order_history(self, driver, create_user):\n        driver.get(Data.URL_LOGIN)\n        login_page = LoginPage(driver)\n        login_page.auth_user(create_user[\"email\"], create_user[\"password\"])\n    \n        main_page = MainPage(driver)\n>       main_page.click_personal_account()\n\ntests/test_personal_account.py:29: \n_ _ _ _ _ _ _ _ _ _ _ _ _ _ _ _ _ _ _ _ _ _ _ _ _ _ _ _ _ _ _ _ _ _ _ _ _ _ _ _ _ _ _ _ _ _ _ _ _ _ _ _ _ _ _ _ _ _ _ _ _ _ _ _ _ _ _ _ _ _ _ _ _ _ _ _ _ _ _ _ _ _ _ _ _ _ _ _ _ _ _ _ _ _ _ _ _ _ _ _ _ _ _ _ _ _ _ _ _ _ _ _\npages/main_page.py:15: in click_personal_account\n    self.find_element_with_wait(ProfilePageLocators.BUTTON_PROFILE_LINK)\npages/base_page.py:11: in find_element_with_wait\n    WebDriverWait(self.driver, 7).until(\n_ _ _ _ _ _ _ _ _ _ _ _ _ _ _ _ _ _ _ _ _ _ _ _ _ _ _ _ _ _ _ _ _ _ _ _ _ _ _ _ _ _ _ _ _ _ _ _ _ _ _ _ _ _ _ _ _ _ _ _ _ _ _ _ _ _ _ _ _ _ _ _ _ _ _ _ _ _ _ _ _ _ _ _ _ _ _ _ _ _ _ _ _ _ _ _ _ _ _ _ _ _ _ _ _ _ _ _ _ _ _ _\n\nself = <selenium.webdriver.support.wait.WebDriverWait (session=\"bf778500-3517-4029-b737-ed7a99fae75d\")>, method = <function visibility_of_element_located.<locals>._predicate at 0x10502a9e0>, message = ''\n\n    def until(self, method: Callable[[D], Union[Literal[False], T]], message: str = \"\") -> T:\n        \"\"\"Calls the method provided with the driver as an argument until the \\\n        return value does not evaluate to ``False``.\n    \n        :param method: callable(WebDriver)\n        :param message: optional message for :exc:`TimeoutException`\n        :returns: the result of the last call to `method`\n        :raises: :exc:`selenium.common.exceptions.TimeoutException` if timeout occurs\n        \"\"\"\n        screen = None\n        stacktrace = None\n    \n        end_time = time.monotonic() + self._timeout\n        while True:\n            try:\n                value = method(self._driver)\n                if value:\n                    return value\n            except self._ignored_exceptions as exc:\n                screen = getattr(exc, \"screen\", None)\n                stacktrace = getattr(exc, \"stacktrace\", None)\n            if time.monotonic() > end_time:\n                break\n            time.sleep(self._poll)\n>       raise TimeoutException(message, screen, stacktrace)\nE       selenium.common.exceptions.TimeoutException: Message: \nE       Stacktrace:\nE       RemoteError@chrome://remote/content/shared/RemoteError.sys.mjs:8:8\nE       WebDriverError@chrome://remote/content/shared/webdriver/Errors.sys.mjs:193:5\nE       NoSuchElementError@chrome://remote/content/shared/webdriver/Errors.sys.mjs:511:5\nE       dom.find/</<@chrome://remote/content/shared/DOM.sys.mjs:136:16\n\n.venvUI/lib/python3.10/site-packages/selenium/webdriver/support/wait.py:105: TimeoutException"}, "steps": [{"name": "Авторизация юзера", "status": "passed", "steps": [{"name": "Получить email", "status": "passed", "parameters": [{"name": "email", "value": "'эмильлобанов14284@yandex.ru'"}], "start": 1732661333307, "stop": 1732661333382}, {"name": "Получить пароль", "status": "passed", "parameters": [{"name": "password", "value": "'iQqI3cNxAV'"}], "start": 1732661333382, "stop": 1732661333394}], "parameters": [{"name": "email", "value": "'эмильлобанов14284@yandex.ru'"}, {"name": "password", "value": "'iQqI3cNxAV'"}], "start": 1732661333307, "stop": 1732661333947}, {"name": "Клик по 'Личный кабинет'", "status": "broken", "statusDetails": {"message": "selenium.common.exceptions.TimeoutException: Message: \nStacktrace:\nRemoteError@chrome://remote/content/shared/RemoteError.sys.mjs:8:8\nWebDriverError@chrome://remote/content/shared/webdriver/Errors.sys.mjs:193:5\nNoSuchElementError@chrome://remote/content/shared/webdriver/Errors.sys.mjs:511:5\ndom.find/</<@chrome://remote/content/shared/DOM.sys.mjs:136:16\n\n", "trace": "  File \"/Users/user/Desktop/Diplom/Diplom_3/.venvUI/lib/python3.10/site-packages/allure_commons/_allure.py\", line 192, in impl\n    return func(*a, **kw)\n  File \"/Users/user/Desktop/Diplom/Diplom_3/pages/main_page.py\", line 15, in click_personal_account\n    self.find_element_with_wait(ProfilePageLocators.BUTTON_PROFILE_LINK)\n  File \"/Users/user/Desktop/Diplom/Diplom_3/pages/base_page.py\", line 11, in find_element_with_wait\n    WebDriverWait(self.driver, 7).until(\n  File \"/Users/user/Desktop/Diplom/Diplom_3/.venvUI/lib/python3.10/site-packages/selenium/webdriver/support/wait.py\", line 105, in until\n    raise TimeoutException(message, screen, stacktrace)\n"}, "start": 1732661333948, "stop": 1732661341635}], "parameters": [{"name": "driver", "value": "'firefox'"}], "start": 1732661328772, "stop": 1732661341635, "uuid": "7a984e57-ea6a-42e7-89b7-e4c7d79674f1", "historyId": "149e40ebf90825ba6333763509613661", "testCaseId": "bb545aeeec668e61a660736275b6f14d", "fullName": "tests.test_personal_account.TestPersonalAccount#test_go_to_order_history", "labels": [{"name": "parentSuite", "value": "tests"}, {"name": "suite", "value": "test_personal_account"}, {"name": "subSuite", "value": "TestPersonalAccount"}, {"name": "host", "value": "itmsk102502.local"}, {"name": "thread", "value": "70411-MainThread"}, {"name": "framework", "value": "pytest"}, {"name": "language", "value": "cpython3"}, {"name": "package", "value": "tests.test_personal_account"}]}