{"name": "Успешное закрытие модального окна с деталями.", "status": "broken", "statusDetails": {"message": "selenium.common.exceptions.TimeoutException: Message: \nStacktrace:\nRemoteError@chrome://remote/content/shared/RemoteError.sys.mjs:8:8\nWebDriverError@chrome://remote/content/shared/webdriver/Errors.sys.mjs:193:5\nNoSuchElementError@chrome://remote/content/shared/webdriver/Errors.sys.mjs:511:5\ndom.find/</<@chrome://remote/content/shared/DOM.sys.mjs:136:16", "trace": "self = <tests.test_main_page.TestMainPage object at 0x106334b50>, driver = <selenium.webdriver.firefox.webdriver.WebDriver (session=\"113f7ec9-c244-433e-a0cb-5c6d48e30ebe\")>\n\n    @allure.title(\"Успешное закрытие модального окна с деталями.\")\n    def test_close_modal_window_with_details(self, driver):\n        driver.get(Data.URL_BASE)\n        main_page = MainPage(driver)\n        main_page.open_modal_window_details()\n>       assert main_page.close_modal_window_details() == main_page.find_element_close_modal_window_details()\n\ntests/test_main_page.py:39: \n_ _ _ _ _ _ _ _ _ _ _ _ _ _ _ _ _ _ _ _ _ _ _ _ _ _ _ _ _ _ _ _ _ _ _ _ _ _ _ _ _ _ _ _ _ _ _ _ _ _ _ _ _ _ _ _ _ _ _ _ _ _ _ _ _ _ _ _ _ _ _ _ _ _ _ _ _ _ _ _ _ _ _ _ _ _ _ _ _ _ _ _ _ _ _ _ _ _ _ _ _ _ _ _ _ _ _ _ _ _ _ _ _\npages/main_page.py:23: in close_modal_window_details\n    self.move_to_element_and_click(MainPageLocators.BUTTON_CLOSE_MODAL_WINDOW_DETAILS)\npages/base_page.py:24: in move_to_element_and_click\n    WebDriverWait(self.driver, 5).until(\n_ _ _ _ _ _ _ _ _ _ _ _ _ _ _ _ _ _ _ _ _ _ _ _ _ _ _ _ _ _ _ _ _ _ _ _ _ _ _ _ _ _ _ _ _ _ _ _ _ _ _ _ _ _ _ _ _ _ _ _ _ _ _ _ _ _ _ _ _ _ _ _ _ _ _ _ _ _ _ _ _ _ _ _ _ _ _ _ _ _ _ _ _ _ _ _ _ _ _ _ _ _ _ _ _ _ _ _ _ _ _ _ _\n\nself = <selenium.webdriver.support.wait.WebDriverWait (session=\"113f7ec9-c244-433e-a0cb-5c6d48e30ebe\")>, method = <function element_to_be_clickable.<locals>._predicate at 0x1064ae5f0>, message = ''\n\n    def until(self, method: Callable[[D], Union[Literal[False], T]], message: str = \"\") -> T:\n        \"\"\"Calls the method provided with the driver as an argument until the \\\n        return value does not evaluate to ``False``.\n    \n        :param method: callable(WebDriver)\n        :param message: optional message for :exc:`TimeoutException`\n        :returns: the result of the last call to `method`\n        :raises: :exc:`selenium.common.exceptions.TimeoutException` if timeout occurs\n        \"\"\"\n        screen = None\n        stacktrace = None\n    \n        end_time = time.monotonic() + self._timeout\n        while True:\n            try:\n                value = method(self._driver)\n                if value:\n                    return value\n            except self._ignored_exceptions as exc:\n                screen = getattr(exc, \"screen\", None)\n                stacktrace = getattr(exc, \"stacktrace\", None)\n            if time.monotonic() > end_time:\n                break\n            time.sleep(self._poll)\n>       raise TimeoutException(message, screen, stacktrace)\nE       selenium.common.exceptions.TimeoutException: Message: \nE       Stacktrace:\nE       RemoteError@chrome://remote/content/shared/RemoteError.sys.mjs:8:8\nE       WebDriverError@chrome://remote/content/shared/webdriver/Errors.sys.mjs:193:5\nE       NoSuchElementError@chrome://remote/content/shared/webdriver/Errors.sys.mjs:511:5\nE       dom.find/</<@chrome://remote/content/shared/DOM.sys.mjs:136:16\n\n../Diplom_2/.venvAPI/lib/python3.10/site-packages/selenium/webdriver/support/wait.py:105: TimeoutException"}, "steps": [{"name": "Открытие окна 'Детали ингредиента'", "status": "passed", "start": 1732834597701, "stop": 1732834598325}, {"name": "Закрытие окна 'Детали ингредиента'", "status": "broken", "statusDetails": {"message": "selenium.common.exceptions.TimeoutException: Message: \nStacktrace:\nRemoteError@chrome://remote/content/shared/RemoteError.sys.mjs:8:8\nWebDriverError@chrome://remote/content/shared/webdriver/Errors.sys.mjs:193:5\nNoSuchElementError@chrome://remote/content/shared/webdriver/Errors.sys.mjs:511:5\ndom.find/</<@chrome://remote/content/shared/DOM.sys.mjs:136:16\n\n", "trace": "  File \"/Users/user/Desktop/Diplom/Diplom_2/.venvAPI/lib/python3.10/site-packages/allure_commons/_allure.py\", line 192, in impl\n    return func(*a, **kw)\n  File \"/Users/user/Desktop/Diplom/Diplom_3/pages/main_page.py\", line 23, in close_modal_window_details\n    self.move_to_element_and_click(MainPageLocators.BUTTON_CLOSE_MODAL_WINDOW_DETAILS)\n  File \"/Users/user/Desktop/Diplom/Diplom_3/pages/base_page.py\", line 24, in move_to_element_and_click\n    WebDriverWait(self.driver, 5).until(\n  File \"/Users/user/Desktop/Diplom/Diplom_2/.venvAPI/lib/python3.10/site-packages/selenium/webdriver/support/wait.py\", line 105, in until\n    raise TimeoutException(message, screen, stacktrace)\n"}, "start": 1732834598325, "stop": 1732834603418}], "parameters": [{"name": "driver", "value": "'firefox'"}], "start": 1732834594754, "stop": 1732834603419, "uuid": "5ce6587a-b55a-4879-aee5-96bdc19b2c3b", "historyId": "492dfbd7888a8c9d9880cb72caf7ca80", "testCaseId": "1540f6ae9092d3ba47e81a0e14a1bad5", "fullName": "tests.test_main_page.TestMainPage#test_close_modal_window_with_details", "labels": [{"name": "parentSuite", "value": "tests"}, {"name": "suite", "value": "test_main_page"}, {"name": "subSuite", "value": "TestMainPage"}, {"name": "host", "value": "itmsk102502.local"}, {"name": "thread", "value": "13226-MainThread"}, {"name": "framework", "value": "pytest"}, {"name": "language", "value": "cpython3"}, {"name": "package", "value": "tests.test_main_page"}]}