{"name": "Успешное отображение заказа", "status": "broken", "statusDetails": {"message": "selenium.common.exceptions.TimeoutException: Message: \nStacktrace:\nRemoteError@chrome://remote/content/shared/RemoteError.sys.mjs:8:8\nWebDriverError@chrome://remote/content/shared/webdriver/Errors.sys.mjs:193:5\nNoSuchElementError@chrome://remote/content/shared/webdriver/Errors.sys.mjs:511:5\ndom.find/</<@chrome://remote/content/shared/DOM.sys.mjs:136:16", "trace": "self = <tests.test_section_order_feed.TestSectionOrderFeed object at 0x104ea2200>, driver = <selenium.webdriver.firefox.webdriver.WebDriver (session=\"322d451e-0933-4659-a651-a5f657d08355\")>\ncreate_and_token_user = ({'Authorization': 'Bearer eyJhbGciOiJIUzI1NiIsInR5cCI6IkpXVCJ9.eyJpZCI6IjY3NDY1MDg3OWVkMjgwMDAxYjUyMjc4NyIsImlhdCI6MT...KCqgbs6p8ceaMXeosdERuKAk'}, {'email': 'демьянкудрявцев14962@yandex.ru', 'name': 'авксентий', 'password': 'cJGoFkUwMN'})\ncreate_order = '155803'\n\n    @allure.title(\"Успешное отображение заказа\")\n    def test_order_user_displayed_order_feed(self, driver, create_and_token_user, create_order):\n        driver.get(Data.URL_LOGIN)\n        login_page = LoginPage(driver)\n        login_page.auth_user(create_and_token_user[1][\"email\"], create_and_token_user[1][\"password\"])\n        main_page = MainPage(driver)\n>       main_page.click_personal_account()\n\ntests/test_section_order_feed.py:24: \n_ _ _ _ _ _ _ _ _ _ _ _ _ _ _ _ _ _ _ _ _ _ _ _ _ _ _ _ _ _ _ _ _ _ _ _ _ _ _ _ _ _ _ _ _ _ _ _ _ _ _ _ _ _ _ _ _ _ _ _ _ _ _ _ _ _ _ _ _ _ _ _ _ _ _ _ _ _ _ _ _ _ _ _ _ _ _ _ _ _ _ _ _ _ _ _ _ _ _ _ _ _ _ _ _ _ _ _ _ _ _ _\npages/main_page.py:15: in click_personal_account\n    self.find_element_with_wait(ProfilePageLocators.BUTTON_PROFILE_LINK)\npages/base_page.py:11: in find_element_with_wait\n    WebDriverWait(self.driver, 7).until(\n_ _ _ _ _ _ _ _ _ _ _ _ _ _ _ _ _ _ _ _ _ _ _ _ _ _ _ _ _ _ _ _ _ _ _ _ _ _ _ _ _ _ _ _ _ _ _ _ _ _ _ _ _ _ _ _ _ _ _ _ _ _ _ _ _ _ _ _ _ _ _ _ _ _ _ _ _ _ _ _ _ _ _ _ _ _ _ _ _ _ _ _ _ _ _ _ _ _ _ _ _ _ _ _ _ _ _ _ _ _ _ _\n\nself = <selenium.webdriver.support.wait.WebDriverWait (session=\"322d451e-0933-4659-a651-a5f657d08355\")>, method = <function visibility_of_element_located.<locals>._predicate at 0x10502b2e0>, message = ''\n\n    def until(self, method: Callable[[D], Union[Literal[False], T]], message: str = \"\") -> T:\n        \"\"\"Calls the method provided with the driver as an argument until the \\\n        return value does not evaluate to ``False``.\n    \n        :param method: callable(WebDriver)\n        :param message: optional message for :exc:`TimeoutException`\n        :returns: the result of the last call to `method`\n        :raises: :exc:`selenium.common.exceptions.TimeoutException` if timeout occurs\n        \"\"\"\n        screen = None\n        stacktrace = None\n    \n        end_time = time.monotonic() + self._timeout\n        while True:\n            try:\n                value = method(self._driver)\n                if value:\n                    return value\n            except self._ignored_exceptions as exc:\n                screen = getattr(exc, \"screen\", None)\n                stacktrace = getattr(exc, \"stacktrace\", None)\n            if time.monotonic() > end_time:\n                break\n            time.sleep(self._poll)\n>       raise TimeoutException(message, screen, stacktrace)\nE       selenium.common.exceptions.TimeoutException: Message: \nE       Stacktrace:\nE       RemoteError@chrome://remote/content/shared/RemoteError.sys.mjs:8:8\nE       WebDriverError@chrome://remote/content/shared/webdriver/Errors.sys.mjs:193:5\nE       NoSuchElementError@chrome://remote/content/shared/webdriver/Errors.sys.mjs:511:5\nE       dom.find/</<@chrome://remote/content/shared/DOM.sys.mjs:136:16\n\n.venvUI/lib/python3.10/site-packages/selenium/webdriver/support/wait.py:105: TimeoutException"}, "steps": [{"name": "Авторизация юзера", "status": "passed", "steps": [{"name": "Получить email", "status": "passed", "parameters": [{"name": "email", "value": "'демьянкудрявцев14962@yandex.ru'"}], "start": 1732661387016, "stop": 1732661387066}, {"name": "Получить пароль", "status": "passed", "parameters": [{"name": "password", "value": "'cJGoFkUwMN'"}], "start": 1732661387066, "stop": 1732661387077}], "parameters": [{"name": "email", "value": "'демьянкудрявцев14962@yandex.ru'"}, {"name": "password", "value": "'cJGoFkUwMN'"}], "start": 1732661387016, "stop": 1732661387624}, {"name": "Клик по 'Личный кабинет'", "status": "broken", "statusDetails": {"message": "selenium.common.exceptions.TimeoutException: Message: \nStacktrace:\nRemoteError@chrome://remote/content/shared/RemoteError.sys.mjs:8:8\nWebDriverError@chrome://remote/content/shared/webdriver/Errors.sys.mjs:193:5\nNoSuchElementError@chrome://remote/content/shared/webdriver/Errors.sys.mjs:511:5\ndom.find/</<@chrome://remote/content/shared/DOM.sys.mjs:136:16\n\n", "trace": "  File \"/Users/user/Desktop/Diplom/Diplom_3/.venvUI/lib/python3.10/site-packages/allure_commons/_allure.py\", line 192, in impl\n    return func(*a, **kw)\n  File \"/Users/user/Desktop/Diplom/Diplom_3/pages/main_page.py\", line 15, in click_personal_account\n    self.find_element_with_wait(ProfilePageLocators.BUTTON_PROFILE_LINK)\n  File \"/Users/user/Desktop/Diplom/Diplom_3/pages/base_page.py\", line 11, in find_element_with_wait\n    WebDriverWait(self.driver, 7).until(\n  File \"/Users/user/Desktop/Diplom/Diplom_3/.venvUI/lib/python3.10/site-packages/selenium/webdriver/support/wait.py\", line 105, in until\n    raise TimeoutException(message, screen, stacktrace)\n"}, "start": 1732661387625, "stop": 1732661395307}], "parameters": [{"name": "driver", "value": "'firefox'"}], "start": 1732661385582, "stop": 1732661395308, "uuid": "5e6e126e-9b4d-4c3d-8581-ad7c3a364a6c", "historyId": "caee624d71fc93e866ef659574b16bca", "testCaseId": "d3dab46c411f9f7db2580ce05942a98f", "fullName": "tests.test_section_order_feed.TestSectionOrderFeed#test_order_user_displayed_order_feed", "labels": [{"name": "parentSuite", "value": "tests"}, {"name": "suite", "value": "test_section_order_feed"}, {"name": "subSuite", "value": "TestSectionOrderFeed"}, {"name": "host", "value": "itmsk102502.local"}, {"name": "thread", "value": "70411-MainThread"}, {"name": "framework", "value": "pytest"}, {"name": "language", "value": "cpython3"}, {"name": "package", "value": "tests.test_section_order_feed"}]}